[11:13:22] [main/INFO]: Environment: authHost='https://authserver.mojang.com', accountsHost='https://api.mojang.com', sessionHost='https://sessionserver.mojang.com', servicesHost='https://api.minecraftservices.com', name='PROD'
[11:13:22] [main/WARN]: Ambiguity between arguments [teleport, destination] and [teleport, targets] with inputs: [Player, 0123, @e, dd12be42-52a9-4a91-a8a1-11c01849e498]
[11:13:22] [main/WARN]: Ambiguity between arguments [teleport, location] and [teleport, destination] with inputs: [0.1 -0.5 .9, 0 0 0]
[11:13:22] [main/WARN]: Ambiguity between arguments [teleport, location] and [teleport, targets] with inputs: [0.1 -0.5 .9, 0 0 0]
[11:13:22] [main/WARN]: Ambiguity between arguments [teleport, targets] and [teleport, destination] with inputs: [Player, 0123, dd12be42-52a9-4a91-a8a1-11c01849e498]
[11:13:22] [main/WARN]: Ambiguity between arguments [teleport, targets, location] and [teleport, targets, destination] with inputs: [0.1 -0.5 .9, 0 0 0]
[11:13:22] [main/INFO]: Reloading ResourceManager: Default
[11:13:23] [Worker-Main-14/INFO]: Loaded 7 recipes
[11:13:23] [Worker-Main-14/INFO]: Loaded 927 advancements
[11:13:24] [Server thread/INFO]: Starting minecraft server version 1.16.4
[11:13:24] [Server thread/INFO]: Loading properties
[11:13:24] [Server thread/INFO]: Default game type: SURVIVAL
[11:13:24] [Server thread/INFO]: Generating keypair
[11:13:24] [Server thread/INFO]: Starting Minecraft server on *:25565
[11:13:24] [Server thread/INFO]: Using default channel type
[11:13:24] [Server thread/INFO]: Preparing level "world"
[11:13:27] [Server thread/INFO]: Preparing start region for dimension minecraft:overworld
[11:13:27] [Worker-Main-9/INFO]: Preparing spawn area: 0%
[11:13:28] [Worker-Main-9/INFO]: Preparing spawn area: 0%
[11:13:28] [Worker-Main-13/INFO]: Preparing spawn area: 1%
[11:13:29] [Worker-Main-11/INFO]: Preparing spawn area: 2%
