[22:58:59] [main/INFO]: Environment: authHost='https://authserver.mojang.com', accountsHost='https://api.mojang.com', sessionHost='https://sessionserver.mojang.com', servicesHost='https://api.minecraftservices.com', name='PROD'
[22:59:01] [main/WARN]: Ambiguity between arguments [teleport, destination] and [teleport, targets] with inputs: [Player, 0123, @e, dd12be42-52a9-4a91-a8a1-11c01849e498]
[22:59:01] [main/WARN]: Ambiguity between arguments [teleport, location] and [teleport, destination] with inputs: [0.1 -0.5 .9, 0 0 0]
[22:59:01] [main/WARN]: Ambiguity between arguments [teleport, location] and [teleport, targets] with inputs: [0.1 -0.5 .9, 0 0 0]
[22:59:01] [main/WARN]: Ambiguity between arguments [teleport, targets] and [teleport, destination] with inputs: [Player, 0123, dd12be42-52a9-4a91-a8a1-11c01849e498]
[22:59:01] [main/WARN]: Ambiguity between arguments [teleport, targets, location] and [teleport, targets, destination] with inputs: [0.1 -0.5 .9, 0 0 0]
[22:59:01] [main/INFO]: Reloading ResourceManager: Default
[22:59:03] [Worker-Main-9/INFO]: Loaded 7 recipes
[22:59:04] [Worker-Main-9/INFO]: Loaded 927 advancements
[22:59:06] [Server thread/INFO]: Starting minecraft server version 1.16.4
[22:59:06] [Server thread/INFO]: Loading properties
[22:59:06] [Server thread/INFO]: Default game type: SURVIVAL
[22:59:06] [Server thread/INFO]: Generating keypair
[22:59:07] [Server thread/INFO]: Starting Minecraft server on *:6543
[22:59:07] [Server thread/INFO]: Using default channel type
[22:59:08] [Server thread/INFO]: Preparing level "world"
[22:59:17] [Server thread/INFO]: Preparing start region for dimension minecraft:overworld
[22:59:17] [Worker-Main-12/INFO]: Preparing spawn area: 0%
[22:59:17] [Worker-Main-14/INFO]: Preparing spawn area: 0%
[22:59:18] [Worker-Main-8/INFO]: Preparing spawn area: 0%
[22:59:18] [Worker-Main-11/INFO]: Preparing spawn area: 0%
[22:59:19] [Worker-Main-11/INFO]: Preparing spawn area: 0%
[22:59:19] [Worker-Main-11/INFO]: Preparing spawn area: 1%
[22:59:20] [Worker-Main-12/INFO]: Preparing spawn area: 2%
[22:59:20] [Worker-Main-11/INFO]: Preparing spawn area: 3%
[22:59:21] [Worker-Main-12/INFO]: Preparing spawn area: 4%
[22:59:21] [Worker-Main-8/INFO]: Preparing spawn area: 5%
[22:59:22] [Worker-Main-14/INFO]: Preparing spawn area: 6%
[22:59:22] [Worker-Main-15/INFO]: Preparing spawn area: 6%
[22:59:23] [Worker-Main-14/INFO]: Preparing spawn area: 6%
[22:59:23] [Worker-Main-11/INFO]: Preparing spawn area: 10%
[22:59:24] [Worker-Main-13/INFO]: Preparing spawn area: 10%
[22:59:24] [Worker-Main-14/INFO]: Preparing spawn area: 10%
[22:59:25] [Worker-Main-8/INFO]: Preparing spawn area: 10%
[22:59:25] [Worker-Main-15/INFO]: Preparing spawn area: 15%
[22:59:26] [Worker-Main-14/INFO]: Preparing spawn area: 17%
[22:59:26] [Worker-Main-13/INFO]: Preparing spawn area: 17%
[22:59:28] [Worker-Main-14/INFO]: Preparing spawn area: 17%
[22:59:28] [Worker-Main-12/INFO]: Preparing spawn area: 17%
[22:59:28] [Worker-Main-11/INFO]: Preparing spawn area: 17%
[22:59:28] [Worker-Main-12/INFO]: Preparing spawn area: 17%
[22:59:29] [Worker-Main-13/INFO]: Preparing spawn area: 17%
[22:59:29] [Worker-Main-10/INFO]: Preparing spawn area: 23%
[22:59:30] [Worker-Main-12/INFO]: Preparing spawn area: 24%
[22:59:30] [Worker-Main-14/INFO]: Preparing spawn area: 25%
[22:59:31] [Worker-Main-12/INFO]: Preparing spawn area: 25%
[22:59:31] [Worker-Main-10/INFO]: Preparing spawn area: 25%
[22:59:32] [Worker-Main-11/INFO]: Preparing spawn area: 32%
[22:59:32] [Worker-Main-12/INFO]: Preparing spawn area: 36%
[22:59:33] [Worker-Main-12/INFO]: Preparing spawn area: 37%
[22:59:33] [Worker-Main-8/INFO]: Preparing spawn area: 43%
[22:59:34] [Worker-Main-10/INFO]: Preparing spawn area: 46%
[22:59:34] [Worker-Main-15/INFO]: Preparing spawn area: 50%
[22:59:35] [Worker-Main-14/INFO]: Preparing spawn area: 51%
[22:59:35] [Worker-Main-12/INFO]: Preparing spawn area: 56%
[22:59:36] [Worker-Main-12/INFO]: Preparing spawn area: 59%
[22:59:37] [Worker-Main-15/INFO]: Preparing spawn area: 62%
[22:59:37] [Worker-Main-11/INFO]: Preparing spawn area: 66%
[22:59:37] [Worker-Main-13/INFO]: Preparing spawn area: 69%
[22:59:38] [Worker-Main-12/INFO]: Preparing spawn area: 72%
[22:59:38] [Worker-Main-15/INFO]: Preparing spawn area: 75%
[22:59:39] [Worker-Main-8/INFO]: Preparing spawn area: 75%
[22:59:39] [Worker-Main-15/INFO]: Preparing spawn area: 82%
[22:59:40] [Worker-Main-13/INFO]: Preparing spawn area: 85%
[22:59:40] [Worker-Main-11/INFO]: Preparing spawn area: 88%
[22:59:41] [Worker-Main-10/INFO]: Preparing spawn area: 91%
[22:59:41] [Worker-Main-11/INFO]: Preparing spawn area: 95%
[22:59:42] [Worker-Main-15/INFO]: Preparing spawn area: 99%
[22:59:42] [Server thread/INFO]: Time elapsed: 25036 ms
[22:59:42] [Server thread/INFO]: Done (33.893s)! For help, type "help"
[23:01:12] [Server thread/INFO]: Stopping the server
[23:01:12] [Server thread/INFO]: Stopping server
[23:01:12] [Server thread/INFO]: Saving players
[23:01:12] [Server thread/INFO]: Saving worlds
[23:01:12] [Server thread/INFO]: Saving chunks for level 'ServerLevel[world]'/minecraft:overworld
[23:01:14] [Server thread/INFO]: ThreadedAnvilChunkStorage (world): All chunks are saved
[23:01:14] [Server thread/INFO]: Saving chunks for level 'ServerLevel[world]'/minecraft:the_nether
[23:01:14] [Server thread/INFO]: ThreadedAnvilChunkStorage (DIM-1): All chunks are saved
[23:01:14] [Server thread/INFO]: Saving chunks for level 'ServerLevel[world]'/minecraft:the_end
[23:01:14] [Server thread/INFO]: ThreadedAnvilChunkStorage (DIM1): All chunks are saved
[23:01:14] [Server thread/INFO]: ThreadedAnvilChunkStorage (world): All chunks are saved
[23:01:14] [Server thread/INFO]: ThreadedAnvilChunkStorage (DIM-1): All chunks are saved
[23:01:14] [Server thread/INFO]: ThreadedAnvilChunkStorage (DIM1): All chunks are saved
