[18:57:24] [main/INFO]: Environment: authHost='https://authserver.mojang.com', accountsHost='https://api.mojang.com', sessionHost='https://sessionserver.mojang.com', servicesHost='https://api.minecraftservices.com', name='PROD'
[18:57:24] [main/WARN]: Ambiguity between arguments [teleport, destination] and [teleport, targets] with inputs: [Player, 0123, @e, dd12be42-52a9-4a91-a8a1-11c01849e498]
[18:57:24] [main/WARN]: Ambiguity between arguments [teleport, location] and [teleport, destination] with inputs: [0.1 -0.5 .9, 0 0 0]
[18:57:24] [main/WARN]: Ambiguity between arguments [teleport, location] and [teleport, targets] with inputs: [0.1 -0.5 .9, 0 0 0]
[18:57:24] [main/WARN]: Ambiguity between arguments [teleport, targets] and [teleport, destination] with inputs: [Player, 0123, dd12be42-52a9-4a91-a8a1-11c01849e498]
[18:57:24] [main/WARN]: Ambiguity between arguments [teleport, targets, location] and [teleport, targets, destination] with inputs: [0.1 -0.5 .9, 0 0 0]
[18:57:24] [main/INFO]: Reloading ResourceManager: Default
[18:57:24] [Worker-Main-12/INFO]: Loaded 7 recipes
[18:57:25] [Worker-Main-12/INFO]: Loaded 927 advancements
[18:57:25] [Server thread/INFO]: Starting minecraft server version 1.16.4
[18:57:25] [Server thread/INFO]: Loading properties
[18:57:25] [Server thread/INFO]: Default game type: SURVIVAL
[18:57:25] [Server thread/INFO]: Generating keypair
[18:57:26] [Server thread/INFO]: Starting Minecraft server on *:32049
[18:57:26] [Server thread/INFO]: Using default channel type
[18:57:26] [Server thread/INFO]: Preparing level "world"
[18:57:29] [Server thread/INFO]: Preparing start region for dimension minecraft:overworld
[18:57:29] [Worker-Main-14/INFO]: Preparing spawn area: 0%
[18:57:30] [Worker-Main-12/INFO]: Preparing spawn area: 0%
[18:57:30] [Worker-Main-10/INFO]: Preparing spawn area: 1%
[18:57:31] [Worker-Main-14/INFO]: Preparing spawn area: 4%
[18:57:32] [Worker-Main-13/INFO]: Preparing spawn area: 6%
[18:57:32] [Worker-Main-13/INFO]: Preparing spawn area: 6%
[18:57:32] [Worker-Main-9/INFO]: Preparing spawn area: 8%
[18:57:33] [Worker-Main-11/INFO]: Preparing spawn area: 11%
[18:57:33] [Worker-Main-13/INFO]: Preparing spawn area: 16%
[18:57:34] [Worker-Main-10/INFO]: Preparing spawn area: 18%
[18:57:34] [Worker-Main-12/INFO]: Preparing spawn area: 18%
[18:57:35] [Worker-Main-12/INFO]: Preparing spawn area: 25%
[18:57:35] [Worker-Main-14/INFO]: Preparing spawn area: 32%
[18:57:36] [Worker-Main-10/INFO]: Preparing spawn area: 32%
[18:57:36] [Worker-Main-10/INFO]: Preparing spawn area: 32%
[18:57:37] [Worker-Main-9/INFO]: Preparing spawn area: 43%
[18:57:37] [Worker-Main-11/INFO]: Preparing spawn area: 46%
[18:57:38] [Worker-Main-11/INFO]: Preparing spawn area: 55%
[18:57:38] [Worker-Main-10/INFO]: Preparing spawn area: 58%
[18:57:39] [Worker-Main-13/INFO]: Preparing spawn area: 66%
[18:57:39] [Worker-Main-10/INFO]: Preparing spawn area: 72%
[18:57:40] [Worker-Main-10/INFO]: Preparing spawn area: 81%
[18:57:40] [Worker-Main-8/INFO]: Preparing spawn area: 86%
[18:57:41] [Worker-Main-14/INFO]: Preparing spawn area: 93%
[18:57:41] [Server thread/INFO]: Time elapsed: 11994 ms
[18:57:41] [Server thread/INFO]: Done (15.327s)! For help, type "help"
